  Main.cpp
Main.obj : error LNK2001: unresolved external symbol glfwSwapBuffers
Main.obj : error LNK2001: unresolved external symbol __imp___glewEnableVertexAttribArray
Main.obj : error LNK2001: unresolved external symbol __imp___glewBindVertexArray
Main.obj : error LNK2001: unresolved external symbol __imp___glewUseProgram
Main.obj : error LNK2001: unresolved external symbol glfwSetFramebufferSizeCallback
Main.obj : error LNK2001: unresolved external symbol __imp_glViewport
Main.obj : error LNK2001: unresolved external symbol __imp___glewVertexAttribPointer
Main.obj : error LNK2001: unresolved external symbol __imp_glClear
Main.obj : error LNK2001: unresolved external symbol __imp___glewGetShaderiv
Main.obj : error LNK2001: unresolved external symbol __imp___glewCompileShader
Main.obj : error LNK2001: unresolved external symbol __imp___glewCreateShader
Main.obj : error LNK2001: unresolved external symbol __imp___glewBindBuffer
Main.obj : error LNK2001: unresolved external symbol __imp___glewCreateProgram
Main.obj : error LNK2001: unresolved external symbol glfwGetKey
Main.obj : error LNK2001: unresolved external symbol __imp___glewGetShaderInfoLog
Main.obj : error LNK2001: unresolved external symbol __imp___glewGetProgramiv
Main.obj : error LNK2001: unresolved external symbol __imp_glewGetErrorString
Main.obj : error LNK2001: unresolved external symbol glfwTerminate
Main.obj : error LNK2001: unresolved external symbol glfwPollEvents
Main.obj : error LNK2001: unresolved external symbol glfwInit
Main.obj : error LNK2001: unresolved external symbol __imp___glewDeleteVertexArrays
Main.obj : error LNK2001: unresolved external symbol glfwSetWindowShouldClose
Main.obj : error LNK2001: unresolved external symbol glfwCreateWindow
Main.obj : error LNK2001: unresolved external symbol glfwWindowHint
Main.obj : error LNK2001: unresolved external symbol glfwMakeContextCurrent
Main.obj : error LNK2001: unresolved external symbol __imp___glewBufferData
Main.obj : error LNK2001: unresolved external symbol __imp___glewAttachShader
Main.obj : error LNK2001: unresolved external symbol __imp___glewDeleteProgram
Main.obj : error LNK2001: unresolved external symbol __imp___glewShaderSource
Main.obj : error LNK2001: unresolved external symbol __imp___glewGenVertexArrays
Main.obj : error LNK2001: unresolved external symbol __imp_glClearColor
Main.obj : error LNK2001: unresolved external symbol __imp_glewExperimental
Main.obj : error LNK2001: unresolved external symbol __imp___glewGetProgramInfoLog
Main.obj : error LNK2001: unresolved external symbol __imp_glDrawElements
Main.obj : error LNK2001: unresolved external symbol __imp___glewGenBuffers
Main.obj : error LNK2001: unresolved external symbol __imp_glGetString
Main.obj : error LNK2001: unresolved external symbol __imp___glewLinkProgram
Main.obj : error LNK2001: unresolved external symbol glfwWindowShouldClose
Main.obj : error LNK2001: unresolved external symbol __imp_glewInit
Main.obj : error LNK2001: unresolved external symbol __imp___glewDeleteBuffers
C:\Users\Mercedes\Documents\Alex school\Mod 2 assignment\x64\Release\Mod 2 assignment.exe : fatal error LNK1120: 40 unresolved externals
